# 開発環境構築ログ

このファイルは、開発環境を再現するためのコマンド履歴です。
WSL (Windows Subsystem for Linux) 上でのセットアップを想定しています。

## 1. Node.js (nvm経由) のインストール

### nvm (Node Version Manager) のインストール
curl -o- https://raw.githubusercontent.com/nvm-sh/nvm/v0.39.0/install.sh | bash

### nvm の有効化と Node.js v20 のインストール
# ターミナルを再起動するか、以下のコマンドでnvmを読み込む
export NVM_DIR="$HOME/.nvm"
[ -s "$NVM_DIR/nvm.sh" ] && \. "$NVM_DIR/nvm.sh"
[ -s "$NVM_DIR/bash_completion" ] && \. "$NVM_DIR/bash_completion"

nvm install 20
nvm use 20

## 2. Yarn のインストール
npm install -g yarn

## 3. React Native プロジェクトの作成
# プロジェクトルートで実行
npx --yes @react-native-community/cli init app

## 4. 依存ライブラリのインストール
cd app
yarn add react-native-fs zustand @react-native-clipboard/clipboard @bam.tech/react-native-image-resizer @react-navigation/native react-native-screens react-native-safe-area-context react-native-mmkv

# `react-native-image-resizer` は `@bam.tech/react-native-image-resizer` に移行しました 

## 5. Rust 開発環境構築

### Rust のインストール
curl --proto '=https' --tlsv1.2 -sSf https://sh.rustup.rs | sh -s -- -y

### Cargo のパス設定
source "$HOME/.cargo/env"

### ビルドツールのインストール
sudo apt update && sudo apt install -y build-essential

### Rust 単体テスト実行確認
cd rust_core && cargo test 